c:\projects\github\myatemptatvic2marketsimulation\myatemptatvic2likemarketsimulation\x64\debug\vc143.pdb
c:\projects\github\myatemptatvic2marketsimulation\myatemptatvic2likemarketsimulation\x64\debug\vc143.idb
c:\projects\github\myatemptatvic2marketsimulation\myatemptatvic2likemarketsimulation\x64\debug\singletonworldmarket.obj
c:\projects\github\myatemptatvic2marketsimulation\myatemptatvic2likemarketsimulation\x64\debug\singletonproductionmgr.obj
c:\projects\github\myatemptatvic2marketsimulation\myatemptatvic2likemarketsimulation\x64\debug\singletonpopmgr.obj
c:\projects\github\myatemptatvic2marketsimulation\myatemptatvic2likemarketsimulation\x64\debug\resurcemine.obj
c:\projects\github\myatemptatvic2marketsimulation\myatemptatvic2likemarketsimulation\x64\debug\productionmgr.obj
c:\projects\github\myatemptatvic2marketsimulation\myatemptatvic2likemarketsimulation\x64\debug\product.obj
c:\projects\github\myatemptatvic2marketsimulation\myatemptatvic2likemarketsimulation\x64\debug\popmgr.obj
c:\projects\github\myatemptatvic2marketsimulation\myatemptatvic2likemarketsimulation\x64\debug\pop.obj
c:\projects\github\myatemptatvic2marketsimulation\myatemptatvic2likemarketsimulation\x64\debug\need.obj
c:\projects\github\myatemptatvic2marketsimulation\myatemptatvic2likemarketsimulation\x64\debug\myatemptatvic2likemarketsimulation.obj
c:\projects\github\myatemptatvic2marketsimulation\myatemptatvic2likemarketsimulation\x64\debug\mine.obj
c:\projects\github\myatemptatvic2marketsimulation\myatemptatvic2likemarketsimulation\x64\debug\market.obj
c:\projects\github\myatemptatvic2marketsimulation\myatemptatvic2likemarketsimulation\x64\debug\isource.obj
c:\projects\github\myatemptatvic2marketsimulation\myatemptatvic2likemarketsimulation\x64\debug\isimpleconsumer.obj
c:\projects\github\myatemptatvic2marketsimulation\myatemptatvic2likemarketsimulation\x64\debug\factory.obj
c:\projects\github\myatemptatvic2marketsimulation\myatemptatvic2likemarketsimulation\x64\debug\productcreator.obj
c:\projects\github\myatemptatvic2marketsimulation\myatemptatvic2likemarketsimulation\x64\debug\artisan.obj
c:\projects\github\myatemptatvic2marketsimulation\x64\debug\myatemptatvic2likemarketsimulation.exe
c:\projects\github\myatemptatvic2marketsimulation\myatemptatvic2likemarketsimulation\x64\debug\myatemptatvic2likemarketsimulation.ilk
c:\projects\github\myatemptatvic2marketsimulation\x64\debug\myatemptatvic2likemarketsimulation.pdb
c:\projects\github\myatemptatvic2marketsimulation\myatemptatvic2likemarketsimulation\x64\debug\myatempt.40277c66.tlog\cl.command.1.tlog
c:\projects\github\myatemptatvic2marketsimulation\myatemptatvic2likemarketsimulation\x64\debug\myatempt.40277c66.tlog\cl.read.1.tlog
c:\projects\github\myatemptatvic2marketsimulation\myatemptatvic2likemarketsimulation\x64\debug\myatempt.40277c66.tlog\cl.write.1.tlog
c:\projects\github\myatemptatvic2marketsimulation\myatemptatvic2likemarketsimulation\x64\debug\myatempt.40277c66.tlog\link.command.1.tlog
c:\projects\github\myatemptatvic2marketsimulation\myatemptatvic2likemarketsimulation\x64\debug\myatempt.40277c66.tlog\link.read.1.tlog
c:\projects\github\myatemptatvic2marketsimulation\myatemptatvic2likemarketsimulation\x64\debug\myatempt.40277c66.tlog\link.write.1.tlog
